<?xml version="1.0" encoding="utf-8"?>
<coverage line-rate="0.8665999999999999" branch-rate="0.5" version="1.9" timestamp="1577480308" lines-covered="13" lines-valid="15" branches-covered="1" branches-valid="2">
  <sources>
    <source></source>
  </sources>
  <packages>
    <package name="TDD" line-rate="0.8665999999999999" branch-rate="0.5" complexity="5">
      <classes>
        <class name="TDD.Calculadora" filename="C:\Users\daromero\source\repos\TDD\Calculadora.cs" line-rate="0.8665999999999999" branch-rate="0.5" complexity="5">
          <methods>
            <method name="Suma" signature="(System.Double,System.Double)" line-rate="1" branch-rate="1">
              <lines>
                <line number="8" hits="1" branch="False" />
                <line number="9" hits="1" branch="False" />
                <line number="10" hits="1" branch="False" />
              </lines>
            </method>
            <method name="Resta" signature="(System.Double,System.Double)" line-rate="1" branch-rate="1">
              <lines>
                <line number="13" hits="1" branch="False" />
                <line number="14" hits="1" branch="False" />
                <line number="15" hits="1" branch="False" />
              </lines>
            </method>
            <method name="MultiplicacionTest" signature="(System.Double,System.Double)" line-rate="1" branch-rate="1">
              <lines>
                <line number="18" hits="1" branch="False" />
                <line number="19" hits="1" branch="False" />
                <line number="20" hits="1" branch="False" />
              </lines>
            </method>
            <method name="DivisionTest" signature="(System.Double,System.Double)" line-rate="0.6666" branch-rate="0.5">
              <lines>
                <line number="23" hits="1" branch="False" />
                <line number="24" hits="1" branch="True" condition-coverage="50% (1/2)">
                  <conditions>
                    <condition number="15" type="jump" coverage="50%" />
                  </conditions>
                </line>
                <line number="25" hits="0" branch="False" />
                <line number="26" hits="0" branch="False" />
                <line number="28" hits="1" branch="False" />
                <line number="29" hits="1" branch="False" />
              </lines>
            </method>
          </methods>
          <lines>
            <line number="8" hits="1" branch="False" />
            <line number="9" hits="1" branch="False" />
            <line number="10" hits="1" branch="False" />
            <line number="13" hits="1" branch="False" />
            <line number="14" hits="1" branch="False" />
            <line number="15" hits="1" branch="False" />
            <line number="18" hits="1" branch="False" />
            <line number="19" hits="1" branch="False" />
            <line number="20" hits="1" branch="False" />
            <line number="23" hits="1" branch="False" />
            <line number="24" hits="1" branch="True" condition-coverage="50% (1/2)">
              <conditions>
                <condition number="15" type="jump" coverage="50%" />
              </conditions>
            </line>
            <line number="25" hits="0" branch="False" />
            <line number="26" hits="0" branch="False" />
            <line number="28" hits="1" branch="False" />
            <line number="29" hits="1" branch="False" />
          </lines>
        </class>
      </classes>
    </package>
  </packages>
</coverage>